0 info it worked if it ends with ok
1 verbose cli [ '/usr/bin/node',
1 verbose cli   '/usr/bin/npm',
1 verbose cli   'install',
1 verbose cli   'angular-hover-spy' ]
2 info using npm@1.3.11
3 info using node@v0.10.20
4 verbose node symlink /usr/bin/node
5 warn package.json angular-hover-spy-example@0.0.0 No description
6 warn package.json angular-hover-spy-example@0.0.0 No repository field.
7 warn package.json angular-hover-spy-example@0.0.0 No README data
8 verbose readDependencies using package.json deps
9 verbose cache add [ 'angular-hover-spy', null ]
10 verbose cache add name=undefined spec="angular-hover-spy" args=["angular-hover-spy",null]
11 verbose parsed url { protocol: null,
11 verbose parsed url   slashes: null,
11 verbose parsed url   auth: null,
11 verbose parsed url   host: null,
11 verbose parsed url   port: null,
11 verbose parsed url   hostname: null,
11 verbose parsed url   hash: null,
11 verbose parsed url   search: null,
11 verbose parsed url   query: null,
11 verbose parsed url   pathname: 'angular-hover-spy',
11 verbose parsed url   path: 'angular-hover-spy',
11 verbose parsed url   href: 'angular-hover-spy' }
12 silly lockFile e7341e18-angular-hover-spy angular-hover-spy
13 verbose lock angular-hover-spy /home/andrew/.npm/e7341e18-angular-hover-spy.lock
14 silly lockFile e7341e18-angular-hover-spy angular-hover-spy
15 silly lockFile e7341e18-angular-hover-spy angular-hover-spy
16 verbose addNamed [ 'angular-hover-spy', '' ]
17 verbose addNamed [ null, '*' ]
18 silly lockFile 0c699bfa-angular-hover-spy angular-hover-spy@
19 verbose lock angular-hover-spy@ /home/andrew/.npm/0c699bfa-angular-hover-spy.lock
20 silly addNameRange { name: 'angular-hover-spy', range: '*', hasData: false }
21 verbose url raw angular-hover-spy
22 verbose url resolving [ 'https://registry.npmjs.org/', './angular-hover-spy' ]
23 verbose url resolved https://registry.npmjs.org/angular-hover-spy
24 info trying registry request attempt 1 at 20:36:34
25 http GET https://registry.npmjs.org/angular-hover-spy
26 http 404 https://registry.npmjs.org/angular-hover-spy
27 silly registry.get cb [ 404,
27 silly registry.get   { server: 'CouchDB/1.3.1 (Erlang OTP/R15B03)',
27 silly registry.get     date: 'Sun, 13 Oct 2013 03:36:37 GMT',
27 silly registry.get     'content-type': 'application/json',
27 silly registry.get     'content-length': '52',
27 silly registry.get     'cache-control': 'must-revalidate' } ]
28 silly lockFile 0c699bfa-angular-hover-spy angular-hover-spy@
29 silly lockFile 0c699bfa-angular-hover-spy angular-hover-spy@
30 error 404 'angular-hover-spy' is not in the npm registry.
30 error 404 You should bug the author to publish it
30 error 404
30 error 404 Note that you can also install from a
30 error 404 tarball, folder, or http url, or git url.
31 error System Linux 3.5.0-17-generic
32 error command "/usr/bin/node" "/usr/bin/npm" "install" "angular-hover-spy"
33 error cwd /home/andrew/projects/angular-hover-spy-example
34 error node -v v0.10.20
35 error npm -v 1.3.11
36 error code E404
37 verbose exit [ 1, true ]
